<component name="libraryTable">
  <library name="junit-jupiter-engine-5.11.1">
    <CLASSES>
      <root url="jar://$USER_HOME$/OneDrive/Desktop/Uni/SE1/JUnit/junit-jupiter-engine-5.11.1.jar!/" />
    </CLASSES>
    <JAVADOC />
    <SOURCES />
  </library>
</component>